androidBuild/launcher/build/outputs/logs/manifest-merger-release-report.txt
-- Merging decision tree log ---
manifest
ADDED from src\main\AndroidManifest.xml:3:1-6:12
INJECTED from src\main\AndroidManifest.xml:3:1-6:12
INJECTED from src\main\AndroidManifest.xml:3:1-6:12
INJECTED from src\main\AndroidManifest.xml:3:1-6:12
MERGED from [:unityLibrary] AndroidManifest.xml:3:1-76:12
MERGED from [:VuforiaWrapper:] AndroidManifest.xml:2:1-17:12
INJECTED from src\main\AndroidManifest.xml:3:1-6:12
INJECTED from src\main\AndroidManifest.xml:3:1-6:12
INJECTED from src\main\AndroidManifest.xml:3:1-6:12
	package
		ADDED from src\main\AndroidManifest.xml:3:70-119
		INJECTED from src\main\AndroidManifest.xml
		INJECTED from src\main\AndroidManifest.xml
	android:versionName
		INJECTED from src\main\AndroidManifest.xml
		ADDED from src\main\AndroidManifest.xml:3:1-6:12
		INJECTED from src\main\AndroidManifest.xml
	xmlns:tools
		ADDED from src\main\AndroidManifest.xml:3:120-166
	android:versionCode
		INJECTED from src\main\AndroidManifest.xml
		ADDED from src\main\AndroidManifest.xml:3:1-6:12
		INJECTED from src\main\AndroidManifest.xml
	xmlns:android
		ADDED from src\main\AndroidManifest.xml:3:11-69
	android:installLocation
		ADDED from src\main\AndroidManifest.xml:3:167-205
supports-screens
ADDED from src\main\AndroidManifest.xml:4:3-163
	android:largeScreens
		ADDED from src\main\AndroidManifest.xml:4:78-105
	android:smallScreens
		ADDED from src\main\AndroidManifest.xml:4:21-48
	android:normalScreens
		ADDED from src\main\AndroidManifest.xml:4:49-77
	android:xlargeScreens
		ADDED from src\main\AndroidManifest.xml:4:106-134
	android:anyDensity
		ADDED from src\main\AndroidManifest.xml:4:135-160
application
ADDED from src\main\AndroidManifest.xml:5:3-83
MERGED from [:unityLibrary] AndroidManifest.xml:37:5-74:19
MERGED from [:unityLibrary] AndroidManifest.xml:37:5-74:19
MERGED from [:VuforiaWrapper:] AndroidManifest.xml:14:5-15:19
MERGED from [:VuforiaWrapper:] AndroidManifest.xml:14:5-15:19
	android:label
		ADDED from src\main\AndroidManifest.xml:5:16-48
	android:debuggable
		ADDED from [:VuforiaWrapper:] AndroidManifest.xml:14:18-44
	android:icon
		ADDED from src\main\AndroidManifest.xml:5:49-80
uses-sdk
INJECTED from src\main\AndroidManifest.xml reason: use-sdk injection requested
INJECTED from src\main\AndroidManifest.xml
INJECTED from src\main\AndroidManifest.xml
MERGED from [:unityLibrary] AndroidManifest.xml:9:5-11:41
MERGED from [:unityLibrary] AndroidManifest.xml:9:5-11:41
INJECTED from src\main\AndroidManifest.xml
INJECTED from src\main\AndroidManifest.xml
	android:targetSdkVersion
		INJECTED from src\main\AndroidManifest.xml
		ADDED from src\main\AndroidManifest.xml
		INJECTED from src\main\AndroidManifest.xml
	android:minSdkVersion
		INJECTED from src\main\AndroidManifest.xml
		ADDED from src\main\AndroidManifest.xml
		INJECTED from src\main\AndroidManifest.xml
uses-feature#0x00030001
ADDED from [:unityLibrary] AndroidManifest.xml:13:5-54
	android:glEsVersion
		ADDED from [:unityLibrary] AndroidManifest.xml:13:19-51
uses-permission#android.permission.INTERNET
ADDED from [:unityLibrary] AndroidManifest.xml:15:5-67
MERGED from [:VuforiaWrapper:] AndroidManifest.xml:9:5-67
MERGED from [:VuforiaWrapper:] AndroidManifest.xml:9:5-67
	android:name
		ADDED from [:unityLibrary] AndroidManifest.xml:15:22-64
uses-permission#android.permission.CAMERA
ADDED from [:unityLibrary] AndroidManifest.xml:16:5-65
MERGED from [:VuforiaWrapper:] AndroidManifest.xml:10:5-65
MERGED from [:VuforiaWrapper:] AndroidManifest.xml:10:5-65
	android:name
		ADDED from [:unityLibrary] AndroidManifest.xml:16:22-62
uses-feature#android.hardware.camera
ADDED from [:unityLibrary] AndroidManifest.xml:18:5-20:36
MERGED from [:VuforiaWrapper:] AndroidManifest.xml:7:5-60
MERGED from [:VuforiaWrapper:] AndroidManifest.xml:7:5-60
	android:required
		ADDED from [:unityLibrary] AndroidManifest.xml:20:9-33
		MERGED from src\main\AndroidManifest.xml
	android:name
		ADDED from [:unityLibrary] AndroidManifest.xml:19:9-47
uses-feature#android.hardware.camera.autofocus
ADDED from [:unityLibrary] AndroidManifest.xml:21:5-23:36
	android:required
		ADDED from [:unityLibrary] AndroidManifest.xml:23:9-33
	android:name
		ADDED from [:unityLibrary] AndroidManifest.xml:22:9-57
uses-feature#android.hardware.camera.front
ADDED from [:unityLibrary] AndroidManifest.xml:24:5-26:36
	android:required
		ADDED from [:unityLibrary] AndroidManifest.xml:26:9-33
	android:name
		ADDED from [:unityLibrary] AndroidManifest.xml:25:9-53
uses-feature#android.hardware.touchscreen
ADDED from [:unityLibrary] AndroidManifest.xml:27:5-29:36
	android:required
		ADDED from [:unityLibrary] AndroidManifest.xml:29:9-33
	android:name
		ADDED from [:unityLibrary] AndroidManifest.xml:28:9-52
uses-feature#android.hardware.touchscreen.multitouch
ADDED from [:unityLibrary] AndroidManifest.xml:30:5-32:36
	android:required
		ADDED from [:unityLibrary] AndroidManifest.xml:32:9-33
	android:name
		ADDED from [:unityLibrary] AndroidManifest.xml:31:9-63
uses-feature#android.hardware.touchscreen.multitouch.distinct
ADDED from [:unityLibrary] AndroidManifest.xml:33:5-35:36
	android:required
		ADDED from [:unityLibrary] AndroidManifest.xml:35:9-33
	android:name
		ADDED from [:unityLibrary] AndroidManifest.xml:34:9-72
activity#com.unity3d.player.UnityPlayerActivity
ADDED from [:unityLibrary] AndroidManifest.xml:38:9-57:20
	android:screenOrientation
		ADDED from [:unityLibrary] AndroidManifest.xml:43:13-51
	android:launchMode
		ADDED from [:unityLibrary] AndroidManifest.xml:42:13-44
	android:hardwareAccelerated
		ADDED from [:unityLibrary] AndroidManifest.xml:41:13-48
	android:configChanges
		ADDED from [:unityLibrary] AndroidManifest.xml:40:13-194
	android:theme
		ADDED from [:unityLibrary] AndroidManifest.xml:44:13-54
	android:name
		ADDED from [:unityLibrary] AndroidManifest.xml:39:13-66
intent-filter#action:name:android.intent.action.MAIN+category:name:android.intent.category.LAUNCHER
ADDED from [:unityLibrary] AndroidManifest.xml:45:13-49:29
action#android.intent.action.MAIN
ADDED from [:unityLibrary] AndroidManifest.xml:46:17-69
	android:name
		ADDED from [:unityLibrary] AndroidManifest.xml:46:25-66
category#android.intent.category.LAUNCHER
ADDED from [:unityLibrary] AndroidManifest.xml:48:17-77
	android:name
		ADDED from [:unityLibrary] AndroidManifest.xml:48:27-74
meta-data#unityplayer.UnityActivity
ADDED from [:unityLibrary] AndroidManifest.xml:51:13-53:40
	android:value
		ADDED from [:unityLibrary] AndroidManifest.xml:53:17-37
	android:name
		ADDED from [:unityLibrary] AndroidManifest.xml:52:17-57
meta-data#android.notch_support
ADDED from [:unityLibrary] AndroidManifest.xml:54:13-56:40
	android:value
		ADDED from [:unityLibrary] AndroidManifest.xml:56:17-37
	android:name
		ADDED from [:unityLibrary] AndroidManifest.xml:55:17-53
meta-data#unity.splash-mode
ADDED from [:unityLibrary] AndroidManifest.xml:59:9-61:33
	android:value
		ADDED from [:unityLibrary] AndroidManifest.xml:61:13-30
	android:name
		ADDED from [:unityLibrary] AndroidManifest.xml:60:13-45
meta-data#unity.splash-enable
ADDED from [:unityLibrary] AndroidManifest.xml:62:9-64:36
	android:value
		ADDED from [:unityLibrary] AndroidManifest.xml:64:13-33
	android:name
		ADDED from [:unityLibrary] AndroidManifest.xml:63:13-47
meta-data#notch.config
ADDED from [:unityLibrary] AndroidManifest.xml:65:9-67:50
	android:value
		ADDED from [:unityLibrary] AndroidManifest.xml:67:13-47
	android:name
		ADDED from [:unityLibrary] AndroidManifest.xml:66:13-40
meta-data#unity.build-id
ADDED from [:unityLibrary] AndroidManifest.xml:68:9-70:68
	android:value
		ADDED from [:unityLibrary] AndroidManifest.xml:70:13-65
	android:name
		ADDED from [:unityLibrary] AndroidManifest.xml:69:13-42
meta-data#com.google.ar.core
ADDED from [:unityLibrary] AndroidManifest.xml:71:9-73:40
	android:value
		ADDED from [:unityLibrary] AndroidManifest.xml:73:13-37
	android:name
		ADDED from [:unityLibrary] AndroidManifest.xml:72:13-46
uses-permission#android.permission.ACCESS_NETWORK_STATE
ADDED from [:VuforiaWrapper:] AndroidManifest.xml:11:5-79
	android:name
		ADDED from [:VuforiaWrapper:] AndroidManifest.xml:11:22-76
uses-permission#android.permission.WRITE_EXTERNAL_STORAGE
ADDED from [:VuforiaWrapper:] AndroidManifest.xml:12:5-81
	android:name
		ADDED from [:VuforiaWrapper:] AndroidManifest.xml:12:22-78
uses-permission#android.permission.READ_PHONE_STATE
IMPLIED from src\main\AndroidManifest.xml:3:1-6:12 reason: com.vuforia.engine.app has a targetSdkVersion < 4
uses-permission#android.permission.READ_EXTERNAL_STORAGE
IMPLIED from src\main\AndroidManifest.xml:3:1-6:12 reason: com.vuforia.engine.app requested WRITE_EXTERNAL_STORAGE